# JRE version: Java(TM) SE Runtime Environment (8.0_381) (build 1.8.0_381-b09)
# Java VM: Java HotSpot(TM) 64-Bit Server VM (25.381-b09 mixed mode windows-amd64 compressed oops)
Heap:
 PSYoungGen      total 158208K, used 150422K [0x00000000eb980000, 0x00000000f6d00000, 0x0000000100000000)
  eden space 140800K, 98% used [0x00000000eb980000,0x00000000f419a4c8,0x00000000f4300000)
  from space 17408K, 63% used [0x00000000f5c00000,0x00000000f66cb570,0x00000000f6d00000)
  to   space 21504K, 0% used [0x00000000f4300000,0x00000000f4300000,0x00000000f5800000)
 ParOldGen       total 81408K, used 41569K [0x00000000c2c00000, 0x00000000c7b80000, 0x00000000eb980000)
  object space 81408K, 51% used [0x00000000c2c00000,0x00000000c5498668,0x00000000c7b80000)
 Metaspace       used 12189K, capacity 12323K, committed 12416K, reserved 1060864K
  class space    used 1282K, capacity 1345K, committed 1408K, reserved 1048576K
GC Heap History (10 events):
Event: 7.767 GC heap before
{Heap before GC invocations=11 (full 1):
 PSYoungGen      total 102912K, used 80787K [0x00000000eb980000, 0x00000000f4880000, 0x0000000100000000)
  eden space 80384K, 100% used [0x00000000eb980000,0x00000000f0800000,0x00000000f0800000)
  from space 22528K, 1% used [0x00000000f0800000,0x00000000f0864d20,0x00000000f1e00000)
  to   space 22016K, 0% used [0x00000000f3300000,0x00000000f3300000,0x00000000f4880000)
 ParOldGen       total 81408K, used 41545K [0x00000000c2c00000, 0x00000000c7b80000, 0x00000000eb980000)
  object space 81408K, 51% used [0x00000000c2c00000,0x00000000c5492668,0x00000000c7b80000)
 Metaspace       used 12028K, capacity 12189K, committed 12416K, reserved 1060864K
  class space    used 1268K, capacity 1344K, committed 1408K, reserved 1048576K
Event: 7.783 GC heap after
Heap after GC invocations=11 (full 1):
 PSYoungGen      total 121344K, used 10514K [0x00000000eb980000, 0x00000000f4700000, 0x0000000100000000)
  eden space 100864K, 0% used [0x00000000eb980000,0x00000000eb980000,0x00000000f1c00000)
  from space 20480K, 51% used [0x00000000f3300000,0x00000000f3d44988,0x00000000f4700000)
  to   space 22016K, 0% used [0x00000000f1c00000,0x00000000f1c00000,0x00000000f3180000)
 ParOldGen       total 81408K, used 41553K [0x00000000c2c00000, 0x00000000c7b80000, 0x00000000eb980000)
  object space 81408K, 51% used [0x00000000c2c00000,0x00000000c5494668,0x00000000c7b80000)
 Metaspace       used 12028K, capacity 12189K, committed 12416K, reserved 1060864K
  class space    used 1268K, capacity 1344K, committed 1408K, reserved 1048576K
}
Event: 9.196 GC heap before
{Heap before GC invocations=12 (full 1):
 PSYoungGen      total 121344K, used 111378K [0x00000000eb980000, 0x00000000f4700000, 0x0000000100000000)
  eden space 100864K, 100% used [0x00000000eb980000,0x00000000f1c00000,0x00000000f1c00000)
  from space 20480K, 51% used [0x00000000f3300000,0x00000000f3d44988,0x00000000f4700000)
  to   space 22016K, 0% used [0x00000000f1c00000,0x00000000f1c00000,0x00000000f3180000)
 ParOldGen       total 81408K, used 41553K [0x00000000c2c00000, 0x00000000c7b80000, 0x00000000eb980000)
  object space 81408K, 51% used [0x00000000c2c00000,0x00000000c5494668,0x00000000c7b80000)
 Metaspace       used 12028K, capacity 12189K, committed 12416K, reserved 1060864K
  class space    used 1268K, capacity 1344K, committed 1408K, reserved 1048576K
Event: 9.209 GC heap after
Heap after GC invocations=12 (full 1):
 PSYoungGen      total 122880K, used 10657K [0x00000000eb980000, 0x00000000f5d00000, 0x0000000100000000)
  eden space 100864K, 0% used [0x00000000eb980000,0x00000000eb980000,0x00000000f1c00000)
  from space 22016K, 48% used [0x00000000f1c00000,0x00000000f2668718,0x00000000f3180000)
  to   space 22016K, 0% used [0x00000000f4780000,0x00000000f4780000,0x00000000f5d00000)
 ParOldGen       total 81408K, used 41553K [0x00000000c2c00000, 0x00000000c7b80000, 0x00000000eb980000)
  object space 81408K, 51% used [0x00000000c2c00000,0x00000000c5494668,0x00000000c7b80000)
 Metaspace       used 12028K, capacity 12189K, committed 12416K, reserved 1060864K
  class space    used 1268K, capacity 1344K, committed 1408K, reserved 1048576K
}
Event: 10.423 GC heap before
{Heap before GC invocations=13 (full 1):
 PSYoungGen      total 122880K, used 111521K [0x00000000eb980000, 0x00000000f5d00000, 0x0000000100000000)
  eden space 100864K, 100% used [0x00000000eb980000,0x00000000f1c00000,0x00000000f1c00000)
  from space 22016K, 48% used [0x00000000f1c00000,0x00000000f2668718,0x00000000f3180000)
  to   space 22016K, 0% used [0x00000000f4780000,0x00000000f4780000,0x00000000f5d00000)
 ParOldGen       total 81408K, used 41553K [0x00000000c2c00000, 0x00000000c7b80000, 0x00000000eb980000)
  object space 81408K, 51% used [0x00000000c2c00000,0x00000000c5494668,0x00000000c7b80000)
 Metaspace       used 12029K, capacity 12189K, committed 12416K, reserved 1060864K
  class space    used 1268K, capacity 1344K, committed 1408K, reserved 1048576K
Event: 10.438 GC heap after
Heap after GC invocations=13 (full 1):
 PSYoungGen      total 141312K, used 10697K [0x00000000eb980000, 0x00000000f5b00000, 0x0000000100000000)
  eden space 121344K, 0% used [0x00000000eb980000,0x00000000eb980000,0x00000000f3000000)
  from space 19968K, 53% used [0x00000000f4780000,0x00000000f51f2680,0x00000000f5b00000)
  to   space 22016K, 0% used [0x00000000f3000000,0x00000000f3000000,0x00000000f4580000)
 ParOldGen       total 81408K, used 41553K [0x00000000c2c00000, 0x00000000c7b80000, 0x00000000eb980000)
  object space 81408K, 51% used [0x00000000c2c00000,0x00000000c5494668,0x00000000c7b80000)
 Metaspace       used 12029K, capacity 12189K, committed 12416K, reserved 1060864K
  class space    used 1268K, capacity 1344K, committed 1408K, reserved 1048576K
}
Event: 12.794 GC heap before
{Heap before GC invocations=14 (full 1):
 PSYoungGen      total 141312K, used 132041K [0x00000000eb980000, 0x00000000f5b00000, 0x0000000100000000)
  eden space 121344K, 100% used [0x00000000eb980000,0x00000000f3000000,0x00000000f3000000)
  from space 19968K, 53% used [0x00000000f4780000,0x00000000f51f2680,0x00000000f5b00000)
  to   space 22016K, 0% used [0x00000000f3000000,0x00000000f3000000,0x00000000f4580000)
 ParOldGen       total 81408K, used 41553K [0x00000000c2c00000, 0x00000000c7b80000, 0x00000000eb980000)
  object space 81408K, 51% used [0x00000000c2c00000,0x00000000c5494668,0x00000000c7b80000)
 Metaspace       used 12122K, capacity 12323K, committed 12416K, reserved 1060864K
  class space    used 1276K, capacity 1345K, committed 1408K, reserved 1048576K
Event: 12.825 GC heap after
Heap after GC invocations=14 (full 1):
 PSYoungGen      total 143360K, used 10803K [0x00000000eb980000, 0x00000000f7180000, 0x0000000100000000)
  eden space 121344K, 0% used [0x00000000eb980000,0x00000000eb980000,0x00000000f3000000)
  from space 22016K, 49% used [0x00000000f3000000,0x00000000f3a8cdd8,0x00000000f4580000)
  to   space 22016K, 0% used [0x00000000f5c00000,0x00000000f5c00000,0x00000000f7180000)
 ParOldGen       total 81408K, used 41561K [0x00000000c2c00000, 0x00000000c7b80000, 0x00000000eb980000)
  object space 81408K, 51% used [0x00000000c2c00000,0x00000000c5496668,0x00000000c7b80000)
 Metaspace       used 12122K, capacity 12323K, committed 12416K, reserved 1060864K
  class space    used 1276K, capacity 1345K, committed 1408K, reserved 1048576K
}
Event: 21.075 GC heap before
{Heap before GC invocations=15 (full 1):
 PSYoungGen      total 143360K, used 132075K [0x00000000eb980000, 0x00000000f7180000, 0x0000000100000000)
  eden space 121344K, 99% used [0x00000000eb980000,0x00000000f2fee180,0x00000000f3000000)
  from space 22016K, 49% used [0x00000000f3000000,0x00000000f3a8cdd8,0x00000000f4580000)
  to   space 22016K, 0% used [0x00000000f5c00000,0x00000000f5c00000,0x00000000f7180000)
 ParOldGen       total 81408K, used 41561K [0x00000000c2c00000, 0x00000000c7b80000, 0x00000000eb980000)
  object space 81408K, 51% used [0x00000000c2c00000,0x00000000c5496668,0x00000000c7b80000)
 Metaspace       used 12134K, capacity 12323K, committed 12416K, reserved 1060864K
  class space    used 1276K, capacity 1345K, committed 1408K, reserved 1048576K
Event: 21.109 GC heap after
Heap after GC invocations=15 (full 1):
 PSYoungGen      total 158208K, used 11053K [0x00000000eb980000, 0x00000000f6d00000, 0x0000000100000000)
  eden space 140800K, 0% used [0x00000000eb980000,0x00000000eb980000,0x00000000f4300000)
  from space 17408K, 63% used [0x00000000f5c00000,0x00000000f66cb570,0x00000000f6d00000)
  to   space 21504K, 0% used [0x00000000f4300000,0x00000000f4300000,0x00000000f5800000)
 ParOldGen       total 81408K, used 41569K [0x00000000c2c00000, 0x00000000c7b80000, 0x00000000eb980000)
  object space 81408K, 51% used [0x00000000c2c00000,0x00000000c5498668,0x00000000c7b80000)
 Metaspace       used 12134K, capacity 12323K, committed 12416K, reserved 1060864K
  class space    used 1276K, capacity 1345K, committed 1408K, reserved 1048576K
}

