# JRE version: Java(TM) SE Runtime Environment (8.0_381) (build 1.8.0_381-b09)
# Java VM: Java HotSpot(TM) 64-Bit Server VM (25.381-b09 mixed mode windows-amd64 compressed oops)
Heap:
 PSYoungGen      total 107520K, used 40518K [0x00000000eb980000, 0x00000000f3d80000, 0x0000000100000000)
  eden space 80384K, 29% used [0x00000000eb980000,0x00000000ed0ab190,0x00000000f0800000)
  from space 27136K, 61% used [0x00000000f0800000,0x00000000f1866748,0x00000000f2280000)
  to   space 26624K, 0% used [0x00000000f2380000,0x00000000f2380000,0x00000000f3d80000)
 ParOldGen       total 130048K, used 87517K [0x00000000c2c00000, 0x00000000cab00000, 0x00000000eb980000)
  object space 130048K, 67% used [0x00000000c2c00000,0x00000000c81777f8,0x00000000cab00000)
 Metaspace       used 14687K, capacity 14829K, committed 14976K, reserved 1062912K
  class space    used 1550K, capacity 1605K, committed 1664K, reserved 1048576K
GC Heap History (10 events):
Event: 42.389 GC heap before
{Heap before GC invocations=47 (full 2):
 PSYoungGen      total 104960K, used 94053K [0x00000000eb980000, 0x00000000f3c00000, 0x0000000100000000)
  eden space 77312K, 100% used [0x00000000eb980000,0x00000000f0500000,0x00000000f0500000)
  from space 27648K, 60% used [0x00000000f2100000,0x00000000f31597e8,0x00000000f3c00000)
  to   space 28160K, 0% used [0x00000000f0500000,0x00000000f0500000,0x00000000f2080000)
 ParOldGen       total 130048K, used 87341K [0x00000000c2c00000, 0x00000000cab00000, 0x00000000eb980000)
  object space 130048K, 67% used [0x00000000c2c00000,0x00000000c814b650,0x00000000cab00000)
 Metaspace       used 14620K, capacity 14829K, committed 14976K, reserved 1062912K
  class space    used 1541K, capacity 1605K, committed 1664K, reserved 1048576K
Event: 42.433 GC heap after
Heap after GC invocations=47 (full 2):
 PSYoungGen      total 105472K, used 16708K [0x00000000eb980000, 0x00000000f3d80000, 0x0000000100000000)
  eden space 77312K, 0% used [0x00000000eb980000,0x00000000eb980000,0x00000000f0500000)
  from space 28160K, 59% used [0x00000000f0500000,0x00000000f1551328,0x00000000f2080000)
  to   space 28160K, 0% used [0x00000000f2200000,0x00000000f2200000,0x00000000f3d80000)
 ParOldGen       total 130048K, used 87373K [0x00000000c2c00000, 0x00000000cab00000, 0x00000000eb980000)
  object space 130048K, 67% used [0x00000000c2c00000,0x00000000c8153650,0x00000000cab00000)
 Metaspace       used 14620K, capacity 14829K, committed 14976K, reserved 1062912K
  class space    used 1541K, capacity 1605K, committed 1664K, reserved 1048576K
}
Event: 43.485 GC heap before
{Heap before GC invocations=48 (full 2):
 PSYoungGen      total 105472K, used 94020K [0x00000000eb980000, 0x00000000f3d80000, 0x0000000100000000)
  eden space 77312K, 100% used [0x00000000eb980000,0x00000000f0500000,0x00000000f0500000)
  from space 28160K, 59% used [0x00000000f0500000,0x00000000f1551328,0x00000000f2080000)
  to   space 28160K, 0% used [0x00000000f2200000,0x00000000f2200000,0x00000000f3d80000)
 ParOldGen       total 130048K, used 87373K [0x00000000c2c00000, 0x00000000cab00000, 0x00000000eb980000)
  object space 130048K, 67% used [0x00000000c2c00000,0x00000000c8153650,0x00000000cab00000)
 Metaspace       used 14620K, capacity 14829K, committed 14976K, reserved 1062912K
  class space    used 1541K, capacity 1605K, committed 1664K, reserved 1048576K
Event: 43.516 GC heap after
Heap after GC invocations=48 (full 2):
 PSYoungGen      total 105984K, used 16763K [0x00000000eb980000, 0x00000000f3c80000, 0x0000000100000000)
  eden space 78848K, 0% used [0x00000000eb980000,0x00000000eb980000,0x00000000f0680000)
  from space 27136K, 61% used [0x00000000f2200000,0x00000000f325ef60,0x00000000f3c80000)
  to   space 27648K, 0% used [0x00000000f0680000,0x00000000f0680000,0x00000000f2180000)
 ParOldGen       total 130048K, used 87413K [0x00000000c2c00000, 0x00000000cab00000, 0x00000000eb980000)
  object space 130048K, 67% used [0x00000000c2c00000,0x00000000c815d650,0x00000000cab00000)
 Metaspace       used 14620K, capacity 14829K, committed 14976K, reserved 1062912K
  class space    used 1541K, capacity 1605K, committed 1664K, reserved 1048576K
}
Event: 44.631 GC heap before
{Heap before GC invocations=49 (full 2):
 PSYoungGen      total 105984K, used 95464K [0x00000000eb980000, 0x00000000f3c80000, 0x0000000100000000)
  eden space 78848K, 99% used [0x00000000eb980000,0x00000000f065b108,0x00000000f0680000)
  from space 27136K, 61% used [0x00000000f2200000,0x00000000f325ef60,0x00000000f3c80000)
  to   space 27648K, 0% used [0x00000000f0680000,0x00000000f0680000,0x00000000f2180000)
 ParOldGen       total 130048K, used 87413K [0x00000000c2c00000, 0x00000000cab00000, 0x00000000eb980000)
  object space 130048K, 67% used [0x00000000c2c00000,0x00000000c815d650,0x00000000cab00000)
 Metaspace       used 14620K, capacity 14829K, committed 14976K, reserved 1062912K
  class space    used 1541K, capacity 1605K, committed 1664K, reserved 1048576K
Event: 44.670 GC heap after
Heap after GC invocations=49 (full 2):
 PSYoungGen      total 106496K, used 17419K [0x00000000eb980000, 0x00000000f3e00000, 0x0000000100000000)
  eden space 78848K, 0% used [0x00000000eb980000,0x00000000eb980000,0x00000000f0680000)
  from space 27648K, 63% used [0x00000000f0680000,0x00000000f1782ce8,0x00000000f2180000)
  to   space 27648K, 0% used [0x00000000f2300000,0x00000000f2300000,0x00000000f3e00000)
 ParOldGen       total 130048K, used 87445K [0x00000000c2c00000, 0x00000000cab00000, 0x00000000eb980000)
  object space 130048K, 67% used [0x00000000c2c00000,0x00000000c8165650,0x00000000cab00000)
 Metaspace       used 14620K, capacity 14829K, committed 14976K, reserved 1062912K
  class space    used 1541K, capacity 1605K, committed 1664K, reserved 1048576K
}
Event: 45.681 GC heap before
{Heap before GC invocations=50 (full 2):
 PSYoungGen      total 106496K, used 96267K [0x00000000eb980000, 0x00000000f3e00000, 0x0000000100000000)
  eden space 78848K, 100% used [0x00000000eb980000,0x00000000f0680000,0x00000000f0680000)
  from space 27648K, 63% used [0x00000000f0680000,0x00000000f1782ce8,0x00000000f2180000)
  to   space 27648K, 0% used [0x00000000f2300000,0x00000000f2300000,0x00000000f3e00000)
 ParOldGen       total 130048K, used 87445K [0x00000000c2c00000, 0x00000000cab00000, 0x00000000eb980000)
  object space 130048K, 67% used [0x00000000c2c00000,0x00000000c8165650,0x00000000cab00000)
 Metaspace       used 14622K, capacity 14829K, committed 14976K, reserved 1062912K
  class space    used 1541K, capacity 1605K, committed 1664K, reserved 1048576K
Event: 45.712 GC heap after
Heap after GC invocations=50 (full 2):
 PSYoungGen      total 107008K, used 16755K [0x00000000eb980000, 0x00000000f3d00000, 0x0000000100000000)
  eden space 80384K, 0% used [0x00000000eb980000,0x00000000eb980000,0x00000000f0800000)
  from space 26624K, 62% used [0x00000000f2300000,0x00000000f335ccf8,0x00000000f3d00000)
  to   space 27136K, 0% used [0x00000000f0800000,0x00000000f0800000,0x00000000f2280000)
 ParOldGen       total 130048K, used 87469K [0x00000000c2c00000, 0x00000000cab00000, 0x00000000eb980000)
  object space 130048K, 67% used [0x00000000c2c00000,0x00000000c816b650,0x00000000cab00000)
 Metaspace       used 14622K, capacity 14829K, committed 14976K, reserved 1062912K
  class space    used 1541K, capacity 1605K, committed 1664K, reserved 1048576K
}
Event: 46.694 GC heap before
{Heap before GC invocations=51 (full 2):
 PSYoungGen      total 107008K, used 97139K [0x00000000eb980000, 0x00000000f3d00000, 0x0000000100000000)
  eden space 80384K, 100% used [0x00000000eb980000,0x00000000f0800000,0x00000000f0800000)
  from space 26624K, 62% used [0x00000000f2300000,0x00000000f335ccf8,0x00000000f3d00000)
  to   space 27136K, 0% used [0x00000000f0800000,0x00000000f0800000,0x00000000f2280000)
 ParOldGen       total 130048K, used 87469K [0x00000000c2c00000, 0x00000000cab00000, 0x00000000eb980000)
  object space 130048K, 67% used [0x00000000c2c00000,0x00000000c816b650,0x00000000cab00000)
 Metaspace       used 14669K, capacity 14829K, committed 14976K, reserved 1062912K
  class space    used 1546K, capacity 1605K, committed 1664K, reserved 1048576K
Event: 46.733 GC heap after
Heap after GC invocations=51 (full 2):
 PSYoungGen      total 107520K, used 16793K [0x00000000eb980000, 0x00000000f3d80000, 0x0000000100000000)
  eden space 80384K, 0% used [0x00000000eb980000,0x00000000eb980000,0x00000000f0800000)
  from space 27136K, 61% used [0x00000000f0800000,0x00000000f1866748,0x00000000f2280000)
  to   space 26624K, 0% used [0x00000000f2380000,0x00000000f2380000,0x00000000f3d80000)
 ParOldGen       total 130048K, used 87517K [0x00000000c2c00000, 0x00000000cab00000, 0x00000000eb980000)
  object space 130048K, 67% used [0x00000000c2c00000,0x00000000c81777f8,0x00000000cab00000)
 Metaspace       used 14669K, capacity 14829K, committed 14976K, reserved 1062912K
  class space    used 1546K, capacity 1605K, committed 1664K, reserved 1048576K
}

