# JRE version: Java(TM) SE Runtime Environment (8.0_381) (build 1.8.0_381-b09)
# Java VM: Java HotSpot(TM) 64-Bit Server VM (25.381-b09 mixed mode windows-amd64 compressed oops)
Heap:
 PSYoungGen      total 56832K, used 4435K [0x00000000eb980000, 0x00000000f0f00000, 0x0000000100000000)
  eden space 35328K, 9% used [0x00000000eb980000,0x00000000ebcb39c8,0x00000000edc00000)
  from space 21504K, 5% used [0x00000000ef200000,0x00000000ef321288,0x00000000f0700000)
  to   space 22528K, 0% used [0x00000000edc00000,0x00000000edc00000,0x00000000ef200000)
 ParOldGen       total 102400K, used 45410K [0x00000000c2c00000, 0x00000000c9000000, 0x00000000eb980000)
  object space 102400K, 44% used [0x00000000c2c00000,0x00000000c5858b28,0x00000000c9000000)
 Metaspace       used 13886K, capacity 14051K, committed 14208K, reserved 1062912K
  class space    used 1555K, capacity 1623K, committed 1664K, reserved 1048576K
GC Heap History (10 events):
Event: 3.604 GC heap before
{Heap before GC invocations=4 (full 1):
 PSYoungGen      total 18432K, used 2551K [0x00000000eb980000, 0x00000000edd80000, 0x0000000100000000)
  eden space 15872K, 0% used [0x00000000eb980000,0x00000000eb980000,0x00000000ec900000)
  from space 2560K, 99% used [0x00000000ec900000,0x00000000ecb7deb8,0x00000000ecb80000)
  to   space 2560K, 0% used [0x00000000edb00000,0x00000000edb00000,0x00000000edd80000)
 ParOldGen       total 42496K, used 25422K [0x00000000c2c00000, 0x00000000c5580000, 0x00000000eb980000)
  object space 42496K, 59% used [0x00000000c2c00000,0x00000000c44d3840,0x00000000c5580000)
 Metaspace       used 13515K, capacity 13731K, committed 13952K, reserved 1060864K
  class space    used 1536K, capacity 1623K, committed 1664K, reserved 1048576K
Event: 3.824 GC heap after
Heap after GC invocations=4 (full 1):
 PSYoungGen      total 18432K, used 0K [0x00000000eb980000, 0x00000000edd80000, 0x0000000100000000)
  eden space 15872K, 0% used [0x00000000eb980000,0x00000000eb980000,0x00000000ec900000)
  from space 2560K, 0% used [0x00000000ec900000,0x00000000ec900000,0x00000000ecb80000)
  to   space 2560K, 0% used [0x00000000edb00000,0x00000000edb00000,0x00000000edd80000)
 ParOldGen       total 69632K, used 27231K [0x00000000c2c00000, 0x00000000c7000000, 0x00000000eb980000)
  object space 69632K, 39% used [0x00000000c2c00000,0x00000000c4697c00,0x00000000c7000000)
 Metaspace       used 13515K, capacity 13731K, committed 13952K, reserved 1060864K
  class space    used 1536K, capacity 1623K, committed 1664K, reserved 1048576K
}
Event: 3.902 GC heap before
{Heap before GC invocations=5 (full 1):
 PSYoungGen      total 18432K, used 15872K [0x00000000eb980000, 0x00000000edd80000, 0x0000000100000000)
  eden space 15872K, 100% used [0x00000000eb980000,0x00000000ec900000,0x00000000ec900000)
  from space 2560K, 0% used [0x00000000ec900000,0x00000000ec900000,0x00000000ecb80000)
  to   space 2560K, 0% used [0x00000000edb00000,0x00000000edb00000,0x00000000edd80000)
 ParOldGen       total 69632K, used 27231K [0x00000000c2c00000, 0x00000000c7000000, 0x00000000eb980000)
  object space 69632K, 39% used [0x00000000c2c00000,0x00000000c4697c00,0x00000000c7000000)
 Metaspace       used 13515K, capacity 13731K, committed 13952K, reserved 1060864K
  class space    used 1536K, capacity 1623K, committed 1664K, reserved 1048576K
Event: 3.920 GC heap after
Heap after GC invocations=5 (full 1):
 PSYoungGen      total 27136K, used 2542K [0x00000000eb980000, 0x00000000edd80000, 0x0000000100000000)
  eden space 24576K, 0% used [0x00000000eb980000,0x00000000eb980000,0x00000000ed180000)
  from space 2560K, 99% used [0x00000000edb00000,0x00000000edd7b978,0x00000000edd80000)
  to   space 2560K, 0% used [0x00000000ed880000,0x00000000ed880000,0x00000000edb00000)
 ParOldGen       total 69632K, used 38582K [0x00000000c2c00000, 0x00000000c7000000, 0x00000000eb980000)
  object space 69632K, 55% used [0x00000000c2c00000,0x00000000c51ad8e8,0x00000000c7000000)
 Metaspace       used 13515K, capacity 13731K, committed 13952K, reserved 1060864K
  class space    used 1536K, capacity 1623K, committed 1664K, reserved 1048576K
}
Event: 5.260 GC heap before
{Heap before GC invocations=6 (full 1):
 PSYoungGen      total 27136K, used 27118K [0x00000000eb980000, 0x00000000edd80000, 0x0000000100000000)
  eden space 24576K, 100% used [0x00000000eb980000,0x00000000ed180000,0x00000000ed180000)
  from space 2560K, 99% used [0x00000000edb00000,0x00000000edd7b978,0x00000000edd80000)
  to   space 2560K, 0% used [0x00000000ed880000,0x00000000ed880000,0x00000000edb00000)
 ParOldGen       total 69632K, used 38582K [0x00000000c2c00000, 0x00000000c7000000, 0x00000000eb980000)
  object space 69632K, 55% used [0x00000000c2c00000,0x00000000c51ad8e8,0x00000000c7000000)
 Metaspace       used 13693K, capacity 13923K, committed 14208K, reserved 1062912K
  class space    used 1545K, capacity 1623K, committed 1664K, reserved 1048576K
Event: 5.282 GC heap after
Heap after GC invocations=6 (full 1):
 PSYoungGen      total 34304K, used 2542K [0x00000000eb980000, 0x00000000f0700000, 0x0000000100000000)
  eden space 31744K, 0% used [0x00000000eb980000,0x00000000eb980000,0x00000000ed880000)
  from space 2560K, 99% used [0x00000000ed880000,0x00000000edafb860,0x00000000edb00000)
  to   space 21504K, 0% used [0x00000000ef200000,0x00000000ef200000,0x00000000f0700000)
 ParOldGen       total 69632K, used 51017K [0x00000000c2c00000, 0x00000000c7000000, 0x00000000eb980000)
  object space 69632K, 73% used [0x00000000c2c00000,0x00000000c5dd26e0,0x00000000c7000000)
 Metaspace       used 13693K, capacity 13923K, committed 14208K, reserved 1062912K
  class space    used 1545K, capacity 1623K, committed 1664K, reserved 1048576K
}
Event: 5.282 GC heap before
{Heap before GC invocations=7 (full 2):
 PSYoungGen      total 34304K, used 2542K [0x00000000eb980000, 0x00000000f0700000, 0x0000000100000000)
  eden space 31744K, 0% used [0x00000000eb980000,0x00000000eb980000,0x00000000ed880000)
  from space 2560K, 99% used [0x00000000ed880000,0x00000000edafb860,0x00000000edb00000)
  to   space 21504K, 0% used [0x00000000ef200000,0x00000000ef200000,0x00000000f0700000)
 ParOldGen       total 69632K, used 51017K [0x00000000c2c00000, 0x00000000c7000000, 0x00000000eb980000)
  object space 69632K, 73% used [0x00000000c2c00000,0x00000000c5dd26e0,0x00000000c7000000)
 Metaspace       used 13693K, capacity 13923K, committed 14208K, reserved 1062912K
  class space    used 1545K, capacity 1623K, committed 1664K, reserved 1048576K
Event: 5.437 GC heap after
Heap after GC invocations=7 (full 2):
 PSYoungGen      total 34304K, used 0K [0x00000000eb980000, 0x00000000f0700000, 0x0000000100000000)
  eden space 31744K, 0% used [0x00000000eb980000,0x00000000eb980000,0x00000000ed880000)
  from space 2560K, 0% used [0x00000000ed880000,0x00000000ed880000,0x00000000edb00000)
  to   space 21504K, 0% used [0x00000000ef200000,0x00000000ef200000,0x00000000f0700000)
 ParOldGen       total 102400K, used 45402K [0x00000000c2c00000, 0x00000000c9000000, 0x00000000eb980000)
  object space 102400K, 44% used [0x00000000c2c00000,0x00000000c5856b28,0x00000000c9000000)
 Metaspace       used 13693K, capacity 13923K, committed 14208K, reserved 1062912K
  class space    used 1545K, capacity 1623K, committed 1664K, reserved 1048576K
}
Event: 22.289 GC heap before
{Heap before GC invocations=8 (full 2):
 PSYoungGen      total 34304K, used 31744K [0x00000000eb980000, 0x00000000f0700000, 0x0000000100000000)
  eden space 31744K, 100% used [0x00000000eb980000,0x00000000ed880000,0x00000000ed880000)
  from space 2560K, 0% used [0x00000000ed880000,0x00000000ed880000,0x00000000edb00000)
  to   space 21504K, 0% used [0x00000000ef200000,0x00000000ef200000,0x00000000f0700000)
 ParOldGen       total 102400K, used 45402K [0x00000000c2c00000, 0x00000000c9000000, 0x00000000eb980000)
  object space 102400K, 44% used [0x00000000c2c00000,0x00000000c5856b28,0x00000000c9000000)
 Metaspace       used 13794K, capacity 13987K, committed 14208K, reserved 1062912K
  class space    used 1546K, capacity 1623K, committed 1664K, reserved 1048576K
Event: 22.299 GC heap after
Heap after GC invocations=8 (full 2):
 PSYoungGen      total 56832K, used 1156K [0x00000000eb980000, 0x00000000f0f00000, 0x0000000100000000)
  eden space 35328K, 0% used [0x00000000eb980000,0x00000000eb980000,0x00000000edc00000)
  from space 21504K, 5% used [0x00000000ef200000,0x00000000ef321288,0x00000000f0700000)
  to   space 22528K, 0% used [0x00000000edc00000,0x00000000edc00000,0x00000000ef200000)
 ParOldGen       total 102400K, used 45410K [0x00000000c2c00000, 0x00000000c9000000, 0x00000000eb980000)
  object space 102400K, 44% used [0x00000000c2c00000,0x00000000c5858b28,0x00000000c9000000)
 Metaspace       used 13794K, capacity 13987K, committed 14208K, reserved 1062912K
  class space    used 1546K, capacity 1623K, committed 1664K, reserved 1048576K
}

