# JRE version: Java(TM) SE Runtime Environment (8.0_381) (build 1.8.0_381-b09)
# Java VM: Java HotSpot(TM) 64-Bit Server VM (25.381-b09 mixed mode windows-amd64 compressed oops)
Heap:
 PSYoungGen      total 137728K, used 77052K [0x00000000eb980000, 0x00000000f9500000, 0x0000000100000000)
  eden space 126976K, 60% used [0x00000000eb980000,0x00000000f049f020,0x00000000f3580000)
  from space 10752K, 1% used [0x00000000f3580000,0x00000000f35a0000,0x00000000f4000000)
  to   space 10752K, 0% used [0x00000000f8a80000,0x00000000f8a80000,0x00000000f9500000)
 ParOldGen       total 42496K, used 13459K [0x00000000c2c00000, 0x00000000c5580000, 0x00000000eb980000)
  object space 42496K, 31% used [0x00000000c2c00000,0x00000000c3924ec8,0x00000000c5580000)
 Metaspace       used 11267K, capacity 11419K, committed 11520K, reserved 1058816K
  class space    used 1208K, capacity 1278K, committed 1280K, reserved 1048576K
GC Heap History (10 events):
Event: 3.076 GC heap before
{Heap before GC invocations=5 (full 0):
 PSYoungGen      total 34304K, used 34274K [0x00000000eb980000, 0x00000000edd80000, 0x0000000100000000)
  eden space 31744K, 100% used [0x00000000eb980000,0x00000000ed880000,0x00000000ed880000)
  from space 2560K, 98% used [0x00000000edb00000,0x00000000edd78a58,0x00000000edd80000)
  to   space 2560K, 0% used [0x00000000ed880000,0x00000000ed880000,0x00000000edb00000)
 ParOldGen       total 42496K, used 10940K [0x00000000c2c00000, 0x00000000c5580000, 0x00000000eb980000)
  object space 42496K, 25% used [0x00000000c2c00000,0x00000000c36af2d8,0x00000000c5580000)
 Metaspace       used 11159K, capacity 11291K, committed 11520K, reserved 1058816K
  class space    used 1202K, capacity 1278K, committed 1280K, reserved 1048576K
Event: 3.082 GC heap after
Heap after GC invocations=5 (full 0):
 PSYoungGen      total 34304K, used 2514K [0x00000000eb980000, 0x00000000f0d80000, 0x0000000100000000)
  eden space 31744K, 0% used [0x00000000eb980000,0x00000000eb980000,0x00000000ed880000)
  from space 2560K, 98% used [0x00000000ed880000,0x00000000edaf4a48,0x00000000edb00000)
  to   space 11264K, 0% used [0x00000000f0280000,0x00000000f0280000,0x00000000f0d80000)
 ParOldGen       total 42496K, used 10940K [0x00000000c2c00000, 0x00000000c5580000, 0x00000000eb980000)
  object space 42496K, 25% used [0x00000000c2c00000,0x00000000c36af2d8,0x00000000c5580000)
 Metaspace       used 11159K, capacity 11291K, committed 11520K, reserved 1058816K
  class space    used 1202K, capacity 1278K, committed 1280K, reserved 1048576K
}
Event: 3.360 GC heap before
{Heap before GC invocations=6 (full 0):
 PSYoungGen      total 34304K, used 34258K [0x00000000eb980000, 0x00000000f0d80000, 0x0000000100000000)
  eden space 31744K, 100% used [0x00000000eb980000,0x00000000ed880000,0x00000000ed880000)
  from space 2560K, 98% used [0x00000000ed880000,0x00000000edaf4a48,0x00000000edb00000)
  to   space 11264K, 0% used [0x00000000f0280000,0x00000000f0280000,0x00000000f0d80000)
 ParOldGen       total 42496K, used 10940K [0x00000000c2c00000, 0x00000000c5580000, 0x00000000eb980000)
  object space 42496K, 25% used [0x00000000c2c00000,0x00000000c36af2d8,0x00000000c5580000)
 Metaspace       used 11162K, capacity 11291K, committed 11520K, reserved 1058816K
  class space    used 1202K, capacity 1278K, committed 1280K, reserved 1048576K
Event: 3.364 GC heap after
Heap after GC invocations=6 (full 0):
 PSYoungGen      total 73728K, used 2578K [0x00000000eb980000, 0x00000000f0c80000, 0x0000000100000000)
  eden space 63488K, 0% used [0x00000000eb980000,0x00000000eb980000,0x00000000ef780000)
  from space 10240K, 25% used [0x00000000f0280000,0x00000000f0504a68,0x00000000f0c80000)
  to   space 10752K, 0% used [0x00000000ef780000,0x00000000ef780000,0x00000000f0200000)
 ParOldGen       total 42496K, used 10940K [0x00000000c2c00000, 0x00000000c5580000, 0x00000000eb980000)
  object space 42496K, 25% used [0x00000000c2c00000,0x00000000c36af2d8,0x00000000c5580000)
 Metaspace       used 11162K, capacity 11291K, committed 11520K, reserved 1058816K
  class space    used 1202K, capacity 1278K, committed 1280K, reserved 1048576K
}
Event: 3.975 GC heap before
{Heap before GC invocations=7 (full 0):
 PSYoungGen      total 73728K, used 66066K [0x00000000eb980000, 0x00000000f0c80000, 0x0000000100000000)
  eden space 63488K, 100% used [0x00000000eb980000,0x00000000ef780000,0x00000000ef780000)
  from space 10240K, 25% used [0x00000000f0280000,0x00000000f0504a68,0x00000000f0c80000)
  to   space 10752K, 0% used [0x00000000ef780000,0x00000000ef780000,0x00000000f0200000)
 ParOldGen       total 42496K, used 10940K [0x00000000c2c00000, 0x00000000c5580000, 0x00000000eb980000)
  object space 42496K, 25% used [0x00000000c2c00000,0x00000000c36af2d8,0x00000000c5580000)
 Metaspace       used 11203K, capacity 11419K, committed 11520K, reserved 1058816K
  class space    used 1203K, capacity 1278K, committed 1280K, reserved 1048576K
Event: 3.981 GC heap after
Heap after GC invocations=7 (full 0):
 PSYoungGen      total 74240K, used 160K [0x00000000eb980000, 0x00000000f4a80000, 0x0000000100000000)
  eden space 63488K, 0% used [0x00000000eb980000,0x00000000eb980000,0x00000000ef780000)
  from space 10752K, 1% used [0x00000000ef780000,0x00000000ef7a8000,0x00000000f0200000)
  to   space 10752K, 0% used [0x00000000f4000000,0x00000000f4000000,0x00000000f4a80000)
 ParOldGen       total 42496K, used 13443K [0x00000000c2c00000, 0x00000000c5580000, 0x00000000eb980000)
  object space 42496K, 31% used [0x00000000c2c00000,0x00000000c3920ec8,0x00000000c5580000)
 Metaspace       used 11203K, capacity 11419K, committed 11520K, reserved 1058816K
  class space    used 1203K, capacity 1278K, committed 1280K, reserved 1048576K
}
Event: 4.554 GC heap before
{Heap before GC invocations=8 (full 0):
 PSYoungGen      total 74240K, used 63648K [0x00000000eb980000, 0x00000000f4a80000, 0x0000000100000000)
  eden space 63488K, 100% used [0x00000000eb980000,0x00000000ef780000,0x00000000ef780000)
  from space 10752K, 1% used [0x00000000ef780000,0x00000000ef7a8000,0x00000000f0200000)
  to   space 10752K, 0% used [0x00000000f4000000,0x00000000f4000000,0x00000000f4a80000)
 ParOldGen       total 42496K, used 13443K [0x00000000c2c00000, 0x00000000c5580000, 0x00000000eb980000)
  object space 42496K, 31% used [0x00000000c2c00000,0x00000000c3920ec8,0x00000000c5580000)
 Metaspace       used 11218K, capacity 11419K, committed 11520K, reserved 1058816K
  class space    used 1203K, capacity 1278K, committed 1280K, reserved 1048576K
Event: 4.555 GC heap after
Heap after GC invocations=8 (full 0):
 PSYoungGen      total 137728K, used 96K [0x00000000eb980000, 0x00000000f4a80000, 0x0000000100000000)
  eden space 126976K, 0% used [0x00000000eb980000,0x00000000eb980000,0x00000000f3580000)
  from space 10752K, 0% used [0x00000000f4000000,0x00000000f4018000,0x00000000f4a80000)
  to   space 10752K, 0% used [0x00000000f3580000,0x00000000f3580000,0x00000000f4000000)
 ParOldGen       total 42496K, used 13451K [0x00000000c2c00000, 0x00000000c5580000, 0x00000000eb980000)
  object space 42496K, 31% used [0x00000000c2c00000,0x00000000c3922ec8,0x00000000c5580000)
 Metaspace       used 11218K, capacity 11419K, committed 11520K, reserved 1058816K
  class space    used 1203K, capacity 1278K, committed 1280K, reserved 1048576K
}
Event: 5.755 GC heap before
{Heap before GC invocations=9 (full 0):
 PSYoungGen      total 137728K, used 127072K [0x00000000eb980000, 0x00000000f4a80000, 0x0000000100000000)
  eden space 126976K, 100% used [0x00000000eb980000,0x00000000f3580000,0x00000000f3580000)
  from space 10752K, 0% used [0x00000000f4000000,0x00000000f4018000,0x00000000f4a80000)
  to   space 10752K, 0% used [0x00000000f3580000,0x00000000f3580000,0x00000000f4000000)
 ParOldGen       total 42496K, used 13451K [0x00000000c2c00000, 0x00000000c5580000, 0x00000000eb980000)
  object space 42496K, 31% used [0x00000000c2c00000,0x00000000c3922ec8,0x00000000c5580000)
 Metaspace       used 11232K, capacity 11419K, committed 11520K, reserved 1058816K
  class space    used 1203K, capacity 1278K, committed 1280K, reserved 1048576K
Event: 5.756 GC heap after
Heap after GC invocations=9 (full 0):
 PSYoungGen      total 137728K, used 128K [0x00000000eb980000, 0x00000000f9500000, 0x0000000100000000)
  eden space 126976K, 0% used [0x00000000eb980000,0x00000000eb980000,0x00000000f3580000)
  from space 10752K, 1% used [0x00000000f3580000,0x00000000f35a0000,0x00000000f4000000)
  to   space 10752K, 0% used [0x00000000f8a80000,0x00000000f8a80000,0x00000000f9500000)
 ParOldGen       total 42496K, used 13459K [0x00000000c2c00000, 0x00000000c5580000, 0x00000000eb980000)
  object space 42496K, 31% used [0x00000000c2c00000,0x00000000c3924ec8,0x00000000c5580000)
 Metaspace       used 11232K, capacity 11419K, committed 11520K, reserved 1058816K
  class space    used 1203K, capacity 1278K, committed 1280K, reserved 1048576K
}

