# JRE version: Java(TM) SE Runtime Environment (8.0_381) (build 1.8.0_381-b09)
# Java VM: Java HotSpot(TM) 64-Bit Server VM (25.381-b09 mixed mode windows-amd64 compressed oops)
Heap:
 PSYoungGen      total 282624K, used 53472K [0x00000000eb980000, 0x0000000100000000, 0x0000000100000000)
  eden space 233472K, 7% used [0x00000000eb980000,0x00000000ecaac318,0x00000000f9d80000)
  from space 49152K, 73% used [0x00000000f9d80000,0x00000000fc08be18,0x00000000fcd80000)
  to   space 51712K, 0% used [0x00000000fcd80000,0x00000000fcd80000,0x0000000100000000)
 ParOldGen       total 99328K, used 56833K [0x00000000c2c00000, 0x00000000c8d00000, 0x00000000eb980000)
  object space 99328K, 57% used [0x00000000c2c00000,0x00000000c6380640,0x00000000c8d00000)
 Metaspace       used 8913K, capacity 9043K, committed 9216K, reserved 1056768K
  class space    used 903K, capacity 986K, committed 1024K, reserved 1048576K
GC Heap History (10 events):
Event: 40.671 GC heap before
{Heap before GC invocations=76 (full 5):
 PSYoungGen      total 281600K, used 271096K [0x00000000eb980000, 0x0000000100000000, 0x0000000100000000)
  eden space 236032K, 100% used [0x00000000eb980000,0x00000000fa000000,0x00000000fa000000)
  from space 45568K, 76% used [0x00000000fd380000,0x00000000ff5be250,0x0000000100000000)
  to   space 49152K, 0% used [0x00000000fa000000,0x00000000fa000000,0x00000000fd000000)
 ParOldGen       total 99328K, used 56817K [0x00000000c2c00000, 0x00000000c8d00000, 0x00000000eb980000)
  object space 99328K, 57% used [0x00000000c2c00000,0x00000000c637c640,0x00000000c8d00000)
 Metaspace       used 8912K, capacity 9043K, committed 9216K, reserved 1056768K
  class space    used 903K, capacity 986K, committed 1024K, reserved 1048576K
Event: 40.701 GC heap after
Heap after GC invocations=76 (full 5):
 PSYoungGen      total 267264K, used 30730K [0x00000000eb980000, 0x0000000100000000, 0x0000000100000000)
  eden space 236032K, 0% used [0x00000000eb980000,0x00000000eb980000,0x00000000fa000000)
  from space 31232K, 98% used [0x00000000fa000000,0x00000000fbe029e0,0x00000000fbe80000)
  to   space 50688K, 0% used [0x00000000fce80000,0x00000000fce80000,0x0000000100000000)
 ParOldGen       total 99328K, used 56817K [0x00000000c2c00000, 0x00000000c8d00000, 0x00000000eb980000)
  object space 99328K, 57% used [0x00000000c2c00000,0x00000000c637c640,0x00000000c8d00000)
 Metaspace       used 8912K, capacity 9043K, committed 9216K, reserved 1056768K
  class space    used 903K, capacity 986K, committed 1024K, reserved 1048576K
}
Event: 41.425 GC heap before
{Heap before GC invocations=77 (full 5):
 PSYoungGen      total 267264K, used 266762K [0x00000000eb980000, 0x0000000100000000, 0x0000000100000000)
  eden space 236032K, 100% used [0x00000000eb980000,0x00000000fa000000,0x00000000fa000000)
  from space 31232K, 98% used [0x00000000fa000000,0x00000000fbe029e0,0x00000000fbe80000)
  to   space 50688K, 0% used [0x00000000fce80000,0x00000000fce80000,0x0000000100000000)
 ParOldGen       total 99328K, used 56817K [0x00000000c2c00000, 0x00000000c8d00000, 0x00000000eb980000)
  object space 99328K, 57% used [0x00000000c2c00000,0x00000000c637c640,0x00000000c8d00000)
 Metaspace       used 8912K, capacity 9043K, committed 9216K, reserved 1056768K
  class space    used 903K, capacity 986K, committed 1024K, reserved 1048576K
Event: 41.454 GC heap after
Heap after GC invocations=77 (full 5):
 PSYoungGen      total 282624K, used 30762K [0x00000000eb980000, 0x0000000100000000, 0x0000000100000000)
  eden space 231936K, 0% used [0x00000000eb980000,0x00000000eb980000,0x00000000f9c00000)
  from space 50688K, 60% used [0x00000000fce80000,0x00000000fec8a9e0,0x0000000100000000)
  to   space 51200K, 0% used [0x00000000f9c00000,0x00000000f9c00000,0x00000000fce00000)
 ParOldGen       total 99328K, used 56825K [0x00000000c2c00000, 0x00000000c8d00000, 0x00000000eb980000)
  object space 99328K, 57% used [0x00000000c2c00000,0x00000000c637e640,0x00000000c8d00000)
 Metaspace       used 8912K, capacity 9043K, committed 9216K, reserved 1056768K
  class space    used 903K, capacity 986K, committed 1024K, reserved 1048576K
}
Event: 42.156 GC heap before
{Heap before GC invocations=78 (full 5):
 PSYoungGen      total 282624K, used 262698K [0x00000000eb980000, 0x0000000100000000, 0x0000000100000000)
  eden space 231936K, 100% used [0x00000000eb980000,0x00000000f9c00000,0x00000000f9c00000)
  from space 50688K, 60% used [0x00000000fce80000,0x00000000fec8a9e0,0x0000000100000000)
  to   space 51200K, 0% used [0x00000000f9c00000,0x00000000f9c00000,0x00000000fce00000)
 ParOldGen       total 99328K, used 56825K [0x00000000c2c00000, 0x00000000c8d00000, 0x00000000eb980000)
  object space 99328K, 57% used [0x00000000c2c00000,0x00000000c637e640,0x00000000c8d00000)
 Metaspace       used 8912K, capacity 9043K, committed 9216K, reserved 1056768K
  class space    used 903K, capacity 986K, committed 1024K, reserved 1048576K
Event: 42.184 GC heap after
Heap after GC invocations=78 (full 5):
 PSYoungGen      total 263168K, used 30730K [0x00000000eb980000, 0x0000000100000000, 0x0000000100000000)
  eden space 231936K, 0% used [0x00000000eb980000,0x00000000eb980000,0x00000000f9c00000)
  from space 31232K, 98% used [0x00000000f9c00000,0x00000000fba029e0,0x00000000fba80000)
  to   space 51712K, 0% used [0x00000000fcd80000,0x00000000fcd80000,0x0000000100000000)
 ParOldGen       total 99328K, used 56825K [0x00000000c2c00000, 0x00000000c8d00000, 0x00000000eb980000)
  object space 99328K, 57% used [0x00000000c2c00000,0x00000000c637e640,0x00000000c8d00000)
 Metaspace       used 8912K, capacity 9043K, committed 9216K, reserved 1056768K
  class space    used 903K, capacity 986K, committed 1024K, reserved 1048576K
}
Event: 42.722 GC heap before
{Heap before GC invocations=79 (full 5):
 PSYoungGen      total 263168K, used 262666K [0x00000000eb980000, 0x0000000100000000, 0x0000000100000000)
  eden space 231936K, 100% used [0x00000000eb980000,0x00000000f9c00000,0x00000000f9c00000)
  from space 31232K, 98% used [0x00000000f9c00000,0x00000000fba029e0,0x00000000fba80000)
  to   space 51712K, 0% used [0x00000000fcd80000,0x00000000fcd80000,0x0000000100000000)
 ParOldGen       total 99328K, used 56825K [0x00000000c2c00000, 0x00000000c8d00000, 0x00000000eb980000)
  object space 99328K, 57% used [0x00000000c2c00000,0x00000000c637e640,0x00000000c8d00000)
 Metaspace       used 8913K, capacity 9043K, committed 9216K, reserved 1056768K
  class space    used 903K, capacity 986K, committed 1024K, reserved 1048576K
Event: 42.745 GC heap after
Heap after GC invocations=79 (full 5):
 PSYoungGen      total 285184K, used 20540K [0x00000000eb980000, 0x0000000100000000, 0x0000000100000000)
  eden space 233472K, 0% used [0x00000000eb980000,0x00000000eb980000,0x00000000f9d80000)
  from space 51712K, 39% used [0x00000000fcd80000,0x00000000fe18f140,0x0000000100000000)
  to   space 49152K, 0% used [0x00000000f9d80000,0x00000000f9d80000,0x00000000fcd80000)
 ParOldGen       total 99328K, used 56825K [0x00000000c2c00000, 0x00000000c8d00000, 0x00000000eb980000)
  object space 99328K, 57% used [0x00000000c2c00000,0x00000000c637e640,0x00000000c8d00000)
 Metaspace       used 8913K, capacity 9043K, committed 9216K, reserved 1056768K
  class space    used 903K, capacity 986K, committed 1024K, reserved 1048576K
}
Event: 43.324 GC heap before
{Heap before GC invocations=80 (full 5):
 PSYoungGen      total 285184K, used 254012K [0x00000000eb980000, 0x0000000100000000, 0x0000000100000000)
  eden space 233472K, 100% used [0x00000000eb980000,0x00000000f9d80000,0x00000000f9d80000)
  from space 51712K, 39% used [0x00000000fcd80000,0x00000000fe18f140,0x0000000100000000)
  to   space 49152K, 0% used [0x00000000f9d80000,0x00000000f9d80000,0x00000000fcd80000)
 ParOldGen       total 99328K, used 56825K [0x00000000c2c00000, 0x00000000c8d00000, 0x00000000eb980000)
  object space 99328K, 57% used [0x00000000c2c00000,0x00000000c637e640,0x00000000c8d00000)
 Metaspace       used 8913K, capacity 9043K, committed 9216K, reserved 1056768K
  class space    used 903K, capacity 986K, committed 1024K, reserved 1048576K
Event: 43.359 GC heap after
Heap after GC invocations=80 (full 5):
 PSYoungGen      total 282624K, used 35887K [0x00000000eb980000, 0x0000000100000000, 0x0000000100000000)
  eden space 233472K, 0% used [0x00000000eb980000,0x00000000eb980000,0x00000000f9d80000)
  from space 49152K, 73% used [0x00000000f9d80000,0x00000000fc08be18,0x00000000fcd80000)
  to   space 51712K, 0% used [0x00000000fcd80000,0x00000000fcd80000,0x0000000100000000)
 ParOldGen       total 99328K, used 56833K [0x00000000c2c00000, 0x00000000c8d00000, 0x00000000eb980000)
  object space 99328K, 57% used [0x00000000c2c00000,0x00000000c6380640,0x00000000c8d00000)
 Metaspace       used 8913K, capacity 9043K, committed 9216K, reserved 1056768K
  class space    used 903K, capacity 986K, committed 1024K, reserved 1048576K
}

